# JRE version: Java(TM) SE Runtime Environment (8.0_201-b09) (build 1.8.0_201-b09)
# Java VM: Java HotSpot(TM) 64-Bit Server VM (25.201-b09 mixed mode linux-amd64 compressed oops)
Heap:
 PSYoungGen      total 194560K, used 58764K [0x00000000f0000000, 0x0000000100000000, 0x0000000100000000)
  eden space 130048K, 11% used [0x00000000f0000000,0x00000000f0f3b918,0x00000000f7f00000)
  from space 64512K, 66% used [0x00000000fc100000,0x00000000feb277c8,0x0000000100000000)
  to   space 66048K, 0% used [0x00000000f7f00000,0x00000000f7f00000,0x00000000fbf80000)
 ParOldGen       total 524288K, used 142470K [0x00000000d0000000, 0x00000000f0000000, 0x00000000f0000000)
  object space 524288K, 27% used [0x00000000d0000000,0x00000000d8b21918,0x00000000f0000000)
 Metaspace       used 64634K, capacity 66170K, committed 66432K, reserved 1107968K
  class space    used 6576K, capacity 6960K, committed 7040K, reserved 1048576K
GC Heap History (10 events):
Event: 16,046 GC heap before
{Heap before GC invocations=25 (full 3):
 PSYoungGen      total 197120K, used 163287K [0x00000000f0000000, 0x0000000100000000, 0x0000000100000000)
  eden space 132096K, 100% used [0x00000000f0000000,0x00000000f8100000,0x00000000f8100000)
  from space 65024K, 47% used [0x00000000f8100000,0x00000000f9f75c00,0x00000000fc080000)
  to   space 63488K, 0% used [0x00000000fc200000,0x00000000fc200000,0x0000000100000000)
 ParOldGen       total 524288K, used 142430K [0x00000000d0000000, 0x00000000f0000000, 0x00000000f0000000)
  object space 524288K, 27% used [0x00000000d0000000,0x00000000d8b17918,0x00000000f0000000)
 Metaspace       used 60937K, capacity 61984K, committed 62080K, reserved 1105920K
  class space    used 5920K, capacity 6199K, committed 6272K, reserved 1048576K
Event: 16,067 GC heap after
Heap after GC invocations=25 (full 3):
 PSYoungGen      total 197632K, used 37315K [0x00000000f0000000, 0x0000000100000000, 0x0000000100000000)
  eden space 134144K, 0% used [0x00000000f0000000,0x00000000f0000000,0x00000000f8300000)
  from space 63488K, 58% used [0x00000000fc200000,0x00000000fe670ce8,0x0000000100000000)
  to   space 64000K, 0% used [0x00000000f8300000,0x00000000f8300000,0x00000000fc180000)
 ParOldGen       total 524288K, used 142438K [0x00000000d0000000, 0x00000000f0000000, 0x00000000f0000000)
  object space 524288K, 27% used [0x00000000d0000000,0x00000000d8b19918,0x00000000f0000000)
 Metaspace       used 60937K, capacity 61984K, committed 62080K, reserved 1105920K
  class space    used 5920K, capacity 6199K, committed 6272K, reserved 1048576K
}
Event: 16,445 GC heap before
{Heap before GC invocations=26 (full 3):
 PSYoungGen      total 197632K, used 171459K [0x00000000f0000000, 0x0000000100000000, 0x0000000100000000)
  eden space 134144K, 100% used [0x00000000f0000000,0x00000000f8300000,0x00000000f8300000)
  from space 63488K, 58% used [0x00000000fc200000,0x00000000fe670ce8,0x0000000100000000)
  to   space 64000K, 0% used [0x00000000f8300000,0x00000000f8300000,0x00000000fc180000)
 ParOldGen       total 524288K, used 142438K [0x00000000d0000000, 0x00000000f0000000, 0x00000000f0000000)
  object space 524288K, 27% used [0x00000000d0000000,0x00000000d8b19918,0x00000000f0000000)
 Metaspace       used 61849K, capacity 62924K, committed 62976K, reserved 1105920K
  class space    used 6085K, capacity 6355K, committed 6400K, reserved 1048576K
Event: 16,464 GC heap after
Heap after GC invocations=26 (full 3):
 PSYoungGen      total 198144K, used 35452K [0x00000000f0000000, 0x0000000100000000, 0x0000000100000000)
  eden space 134144K, 0% used [0x00000000f0000000,0x00000000f0000000,0x00000000f8300000)
  from space 64000K, 55% used [0x00000000f8300000,0x00000000fa59f070,0x00000000fc180000)
  to   space 63488K, 0% used [0x00000000fc200000,0x00000000fc200000,0x0000000100000000)
 ParOldGen       total 524288K, used 142446K [0x00000000d0000000, 0x00000000f0000000, 0x00000000f0000000)
  object space 524288K, 27% used [0x00000000d0000000,0x00000000d8b1b918,0x00000000f0000000)
 Metaspace       used 61849K, capacity 62924K, committed 62976K, reserved 1105920K
  class space    used 6085K, capacity 6355K, committed 6400K, reserved 1048576K
}
Event: 17,083 GC heap before
{Heap before GC invocations=27 (full 3):
 PSYoungGen      total 198144K, used 169596K [0x00000000f0000000, 0x0000000100000000, 0x0000000100000000)
  eden space 134144K, 100% used [0x00000000f0000000,0x00000000f8300000,0x00000000f8300000)
  from space 64000K, 55% used [0x00000000f8300000,0x00000000fa59f070,0x00000000fc180000)
  to   space 63488K, 0% used [0x00000000fc200000,0x00000000fc200000,0x0000000100000000)
 ParOldGen       total 524288K, used 142446K [0x00000000d0000000, 0x00000000f0000000, 0x00000000f0000000)
  object space 524288K, 27% used [0x00000000d0000000,0x00000000d8b1b918,0x00000000f0000000)
 Metaspace       used 62904K, capacity 64180K, committed 64256K, reserved 1107968K
  class space    used 6267K, capacity 6605K, committed 6656K, reserved 1048576K
Event: 17,105 GC heap after
Heap after GC invocations=27 (full 3):
 PSYoungGen      total 197632K, used 38561K [0x00000000f0000000, 0x0000000100000000, 0x0000000100000000)
  eden space 134144K, 0% used [0x00000000f0000000,0x00000000f0000000,0x00000000f8300000)
  from space 63488K, 60% used [0x00000000fc200000,0x00000000fe7a86d0,0x0000000100000000)
  to   space 64000K, 0% used [0x00000000f8300000,0x00000000f8300000,0x00000000fc180000)
 ParOldGen       total 524288K, used 142454K [0x00000000d0000000, 0x00000000f0000000, 0x00000000f0000000)
  object space 524288K, 27% used [0x00000000d0000000,0x00000000d8b1d918,0x00000000f0000000)
 Metaspace       used 62904K, capacity 64180K, committed 64256K, reserved 1107968K
  class space    used 6267K, capacity 6605K, committed 6656K, reserved 1048576K
}
Event: 17,668 GC heap before
{Heap before GC invocations=28 (full 3):
 PSYoungGen      total 197632K, used 172705K [0x00000000f0000000, 0x0000000100000000, 0x0000000100000000)
  eden space 134144K, 100% used [0x00000000f0000000,0x00000000f8300000,0x00000000f8300000)
  from space 63488K, 60% used [0x00000000fc200000,0x00000000fe7a86d0,0x0000000100000000)
  to   space 64000K, 0% used [0x00000000f8300000,0x00000000f8300000,0x00000000fc180000)
 ParOldGen       total 524288K, used 142454K [0x00000000d0000000, 0x00000000f0000000, 0x00000000f0000000)
  object space 524288K, 27% used [0x00000000d0000000,0x00000000d8b1d918,0x00000000f0000000)
 Metaspace       used 63395K, capacity 64720K, committed 64896K, reserved 1107968K
  class space    used 6352K, capacity 6696K, committed 6784K, reserved 1048576K
Event: 17,692 GC heap after
Heap after GC invocations=28 (full 3):
 PSYoungGen      total 175104K, used 40736K [0x00000000f0000000, 0x0000000100000000, 0x0000000100000000)
  eden space 134144K, 0% used [0x00000000f0000000,0x00000000f0000000,0x00000000f8300000)
  from space 40960K, 99% used [0x00000000f8300000,0x00000000faac8028,0x00000000fab00000)
  to   space 64512K, 0% used [0x00000000fc100000,0x00000000fc100000,0x0000000100000000)
 ParOldGen       total 524288K, used 142462K [0x00000000d0000000, 0x00000000f0000000, 0x00000000f0000000)
  object space 524288K, 27% used [0x00000000d0000000,0x00000000d8b1f918,0x00000000f0000000)
 Metaspace       used 63395K, capacity 64720K, committed 64896K, reserved 1107968K
  class space    used 6352K, capacity 6696K, committed 6784K, reserved 1048576K
}
Event: 18,166 GC heap before
{Heap before GC invocations=29 (full 3):
 PSYoungGen      total 175104K, used 174880K [0x00000000f0000000, 0x0000000100000000, 0x0000000100000000)
  eden space 134144K, 100% used [0x00000000f0000000,0x00000000f8300000,0x00000000f8300000)
  from space 40960K, 99% used [0x00000000f8300000,0x00000000faac8028,0x00000000fab00000)
  to   space 64512K, 0% used [0x00000000fc100000,0x00000000fc100000,0x0000000100000000)
 ParOldGen       total 524288K, used 142462K [0x00000000d0000000, 0x00000000f0000000, 0x00000000f0000000)
  object space 524288K, 27% used [0x00000000d0000000,0x00000000d8b1f918,0x00000000f0000000)
 Metaspace       used 64624K, capacity 66170K, committed 66432K, reserved 1107968K
  class space    used 6575K, capacity 6960K, committed 7040K, reserved 1048576K
Event: 18,203 GC heap after
Heap after GC invocations=29 (full 3):
 PSYoungGen      total 194560K, used 43165K [0x00000000f0000000, 0x0000000100000000, 0x0000000100000000)
  eden space 130048K, 0% used [0x00000000f0000000,0x00000000f0000000,0x00000000f7f00000)
  from space 64512K, 66% used [0x00000000fc100000,0x00000000feb277c8,0x0000000100000000)
  to   space 66048K, 0% used [0x00000000f7f00000,0x00000000f7f00000,0x00000000fbf80000)
 ParOldGen       total 524288K, used 142470K [0x00000000d0000000, 0x00000000f0000000, 0x00000000f0000000)
  object space 524288K, 27% used [0x00000000d0000000,0x00000000d8b21918,0x00000000f0000000)
 Metaspace       used 64624K, capacity 66170K, committed 66432K, reserved 1107968K
  class space    used 6575K, capacity 6960K, committed 7040K, reserved 1048576K
}

